2024-12-17T18:03:11.039Z error: uncaughtException: password authentication failed for user "aavnadmin"
error: password authentication failed for user "aavnadmin"
    at Parser.parseErrorMessage (/home/nobelium24/Desktop/interview2/node_modules/pg-protocol/src/parser.ts:368:69)
    at Parser.handlePacket (/home/nobelium24/Desktop/interview2/node_modules/pg-protocol/src/parser.ts:187:21)
    at Parser.parse (/home/nobelium24/Desktop/interview2/node_modules/pg-protocol/src/parser.ts:102:30)
    at TLSSocket.<anonymous> (/home/nobelium24/Desktop/interview2/node_modules/pg-protocol/src/index.ts:7:48)
    at TLSSocket.emit (node:events:518:28)
    at TLSSocket.emit (node:domain:489:12)
    at addChunk (node:internal/streams/readable:561:12)
    at readableAddChunkPushByteMode (node:internal/streams/readable:512:3)
    at TLSSocket.Readable.push (node:internal/streams/readable:392:5)
    at TLSWrap.onStreamRead (node:internal/stream_base_commons:191:23)
2024-12-17T18:04:08.918Z error: uncaughtException: password authentication failed for user "avnadmin"
error: password authentication failed for user "avnadmin"
    at Parser.parseErrorMessage (/home/nobelium24/Desktop/interview2/node_modules/pg-protocol/src/parser.ts:368:69)
    at Parser.handlePacket (/home/nobelium24/Desktop/interview2/node_modules/pg-protocol/src/parser.ts:187:21)
    at Parser.parse (/home/nobelium24/Desktop/interview2/node_modules/pg-protocol/src/parser.ts:102:30)
    at TLSSocket.<anonymous> (/home/nobelium24/Desktop/interview2/node_modules/pg-protocol/src/index.ts:7:48)
    at TLSSocket.emit (node:events:518:28)
    at TLSSocket.emit (node:domain:489:12)
    at addChunk (node:internal/streams/readable:561:12)
    at readableAddChunkPushByteMode (node:internal/streams/readable:512:3)
    at TLSSocket.Readable.push (node:internal/streams/readable:392:5)
    at TLSWrap.onStreamRead (node:internal/stream_base_commons:191:23)
2024-12-17T18:04:46.810Z error: uncaughtException: password authentication failed for user "avnadmin"
error: password authentication failed for user "avnadmin"
    at Parser.parseErrorMessage (/home/nobelium24/Desktop/interview2/node_modules/pg-protocol/src/parser.ts:368:69)
    at Parser.handlePacket (/home/nobelium24/Desktop/interview2/node_modules/pg-protocol/src/parser.ts:187:21)
    at Parser.parse (/home/nobelium24/Desktop/interview2/node_modules/pg-protocol/src/parser.ts:102:30)
    at TLSSocket.<anonymous> (/home/nobelium24/Desktop/interview2/node_modules/pg-protocol/src/index.ts:7:48)
    at TLSSocket.emit (node:events:518:28)
    at TLSSocket.emit (node:domain:489:12)
    at addChunk (node:internal/streams/readable:561:12)
    at readableAddChunkPushByteMode (node:internal/streams/readable:512:3)
    at TLSSocket.Readable.push (node:internal/streams/readable:392:5)
    at TLSWrap.onStreamRead (node:internal/stream_base_commons:191:23)
2024-12-17T18:07:59.455Z error: uncaughtException: password authentication failed for user "avnadmin"
error: password authentication failed for user "avnadmin"
    at Parser.parseErrorMessage (/home/nobelium24/Desktop/interview2/node_modules/pg-protocol/src/parser.ts:368:69)
    at Parser.handlePacket (/home/nobelium24/Desktop/interview2/node_modules/pg-protocol/src/parser.ts:187:21)
    at Parser.parse (/home/nobelium24/Desktop/interview2/node_modules/pg-protocol/src/parser.ts:102:30)
    at TLSSocket.<anonymous> (/home/nobelium24/Desktop/interview2/node_modules/pg-protocol/src/index.ts:7:48)
    at TLSSocket.emit (node:events:518:28)
    at TLSSocket.emit (node:domain:489:12)
    at addChunk (node:internal/streams/readable:561:12)
    at readableAddChunkPushByteMode (node:internal/streams/readable:512:3)
    at TLSSocket.Readable.push (node:internal/streams/readable:392:5)
    at TLSWrap.onStreamRead (node:internal/stream_base_commons:191:23)
2024-12-17T18:08:47.668Z error: uncaughtException: password authentication failed for user "avnadmin"
error: password authentication failed for user "avnadmin"
    at Parser.parseErrorMessage (/home/nobelium24/Desktop/interview2/node_modules/pg-protocol/src/parser.ts:368:69)
    at Parser.handlePacket (/home/nobelium24/Desktop/interview2/node_modules/pg-protocol/src/parser.ts:187:21)
    at Parser.parse (/home/nobelium24/Desktop/interview2/node_modules/pg-protocol/src/parser.ts:102:30)
    at TLSSocket.<anonymous> (/home/nobelium24/Desktop/interview2/node_modules/pg-protocol/src/index.ts:7:48)
    at TLSSocket.emit (node:events:518:28)
    at TLSSocket.emit (node:domain:489:12)
    at addChunk (node:internal/streams/readable:561:12)
    at readableAddChunkPushByteMode (node:internal/streams/readable:512:3)
    at TLSSocket.Readable.push (node:internal/streams/readable:392:5)
    at TLSWrap.onStreamRead (node:internal/stream_base_commons:191:23)
2024-12-17T18:09:19.714Z error: uncaughtException: password authentication failed for user "avnadmin"
error: password authentication failed for user "avnadmin"
    at Parser.parseErrorMessage (/home/nobelium24/Desktop/interview2/node_modules/pg-protocol/src/parser.ts:368:69)
    at Parser.handlePacket (/home/nobelium24/Desktop/interview2/node_modules/pg-protocol/src/parser.ts:187:21)
    at Parser.parse (/home/nobelium24/Desktop/interview2/node_modules/pg-protocol/src/parser.ts:102:30)
    at TLSSocket.<anonymous> (/home/nobelium24/Desktop/interview2/node_modules/pg-protocol/src/index.ts:7:48)
    at TLSSocket.emit (node:events:518:28)
    at TLSSocket.emit (node:domain:489:12)
    at addChunk (node:internal/streams/readable:561:12)
    at readableAddChunkPushByteMode (node:internal/streams/readable:512:3)
    at TLSSocket.Readable.push (node:internal/streams/readable:392:5)
    at TLSWrap.onStreamRead (node:internal/stream_base_commons:191:23)
2024-12-17T18:10:22.716Z error: uncaughtException: password authentication failed for user "avnadmin"
error: password authentication failed for user "avnadmin"
    at Parser.parseErrorMessage (/home/nobelium24/Desktop/interview2/node_modules/pg-protocol/src/parser.ts:368:69)
    at Parser.handlePacket (/home/nobelium24/Desktop/interview2/node_modules/pg-protocol/src/parser.ts:187:21)
    at Parser.parse (/home/nobelium24/Desktop/interview2/node_modules/pg-protocol/src/parser.ts:102:30)
    at TLSSocket.<anonymous> (/home/nobelium24/Desktop/interview2/node_modules/pg-protocol/src/index.ts:7:48)
    at TLSSocket.emit (node:events:518:28)
    at TLSSocket.emit (node:domain:489:12)
    at addChunk (node:internal/streams/readable:561:12)
    at readableAddChunkPushByteMode (node:internal/streams/readable:512:3)
    at TLSSocket.Readable.push (node:internal/streams/readable:392:5)
    at TLSWrap.onStreamRead (node:internal/stream_base_commons:191:23)
2024-12-17T18:11:19.462Z error: uncaughtException: password authentication failed for user "avnadmin"
error: password authentication failed for user "avnadmin"
    at Parser.parseErrorMessage (/home/nobelium24/Desktop/interview2/node_modules/pg-protocol/src/parser.ts:368:69)
    at Parser.handlePacket (/home/nobelium24/Desktop/interview2/node_modules/pg-protocol/src/parser.ts:187:21)
    at Parser.parse (/home/nobelium24/Desktop/interview2/node_modules/pg-protocol/src/parser.ts:102:30)
    at TLSSocket.<anonymous> (/home/nobelium24/Desktop/interview2/node_modules/pg-protocol/src/index.ts:7:48)
    at TLSSocket.emit (node:events:518:28)
    at TLSSocket.emit (node:domain:489:12)
    at addChunk (node:internal/streams/readable:561:12)
    at readableAddChunkPushByteMode (node:internal/streams/readable:512:3)
    at TLSSocket.Readable.push (node:internal/streams/readable:392:5)
    at TLSWrap.onStreamRead (node:internal/stream_base_commons:191:23)
2024-12-17T18:12:05.937Z error: uncaughtException: password authentication failed for user "avnadmin"
error: password authentication failed for user "avnadmin"
    at Parser.parseErrorMessage (/home/nobelium24/Desktop/interview2/node_modules/pg-protocol/src/parser.ts:368:69)
    at Parser.handlePacket (/home/nobelium24/Desktop/interview2/node_modules/pg-protocol/src/parser.ts:187:21)
    at Parser.parse (/home/nobelium24/Desktop/interview2/node_modules/pg-protocol/src/parser.ts:102:30)
    at TLSSocket.<anonymous> (/home/nobelium24/Desktop/interview2/node_modules/pg-protocol/src/index.ts:7:48)
    at TLSSocket.emit (node:events:518:28)
    at TLSSocket.emit (node:domain:489:12)
    at addChunk (node:internal/streams/readable:561:12)
    at readableAddChunkPushByteMode (node:internal/streams/readable:512:3)
    at TLSSocket.Readable.push (node:internal/streams/readable:392:5)
    at TLSWrap.onStreamRead (node:internal/stream_base_commons:191:23)
2024-12-17T18:12:35.700Z error: uncaughtException: password authentication failed for user "avnadmin"
error: password authentication failed for user "avnadmin"
    at Parser.parseErrorMessage (/home/nobelium24/Desktop/interview2/node_modules/pg-protocol/src/parser.ts:368:69)
    at Parser.handlePacket (/home/nobelium24/Desktop/interview2/node_modules/pg-protocol/src/parser.ts:187:21)
    at Parser.parse (/home/nobelium24/Desktop/interview2/node_modules/pg-protocol/src/parser.ts:102:30)
    at TLSSocket.<anonymous> (/home/nobelium24/Desktop/interview2/node_modules/pg-protocol/src/index.ts:7:48)
    at TLSSocket.emit (node:events:518:28)
    at TLSSocket.emit (node:domain:489:12)
    at addChunk (node:internal/streams/readable:561:12)
    at readableAddChunkPushByteMode (node:internal/streams/readable:512:3)
    at TLSSocket.Readable.push (node:internal/streams/readable:392:5)
    at TLSWrap.onStreamRead (node:internal/stream_base_commons:191:23)
2024-12-17T18:26:20.432Z error: uncaughtException: getaddrinfo ENOTFOUND dpg-ctgs01t6l47c73ea56n0-a
Error: getaddrinfo ENOTFOUND dpg-ctgs01t6l47c73ea56n0-a
    at GetAddrInfoReqWrap.onlookupall [as oncomplete] (node:dns:120:26)
2024-12-17T18:29:39.894Z error: uncaughtException: SSL/TLS required
error: SSL/TLS required
    at Parser.parseErrorMessage (/home/nobelium24/Desktop/interview2/node_modules/pg-protocol/src/parser.ts:368:69)
    at Parser.handlePacket (/home/nobelium24/Desktop/interview2/node_modules/pg-protocol/src/parser.ts:187:21)
    at Parser.parse (/home/nobelium24/Desktop/interview2/node_modules/pg-protocol/src/parser.ts:102:30)
    at Socket.<anonymous> (/home/nobelium24/Desktop/interview2/node_modules/pg-protocol/src/index.ts:7:48)
    at Socket.emit (node:events:518:28)
    at Socket.emit (node:domain:489:12)
    at addChunk (node:internal/streams/readable:561:12)
    at readableAddChunkPushByteMode (node:internal/streams/readable:512:3)
    at Socket.Readable.push (node:internal/streams/readable:392:5)
    at TCP.onStreamRead (node:internal/stream_base_commons:191:23)
